Error: Cannot find module 'qrcode'
Require stack:
- C:\Users\bezaw\Downloads\Prajwalan-main\Prajwalan-main\backend\src\routes\patient.js
- C:\Users\bezaw\Downloads\Prajwalan-main\Prajwalan-main\backend\src\server.js
    at Function._resolveFilename (node:internal/modules/cjs/loader:1365:15)
    at defaultResolveImpl (node:internal/modules/cjs/loader:1021:19)
    at resolveForCJSWithHooks (node:internal/modules/cjs/loader:1026:22)
    at Function._load (node:internal/modules/cjs/loader:1175:37)
    at TracingChannel.traceSync (node:diagnostics_channel:322:14)
    at wrapModuleLoad (node:internal/modules/cjs/loader:235:24)
    at Module.require (node:internal/modules/cjs/loader:1445:12)
    at require (node:internal/modules/helpers:135:16)
    at C:\Users\bezaw\Downloads\Prajwalan-main\Prajwalan-main\backend\src\routes\patient.js:138:24
    at process.processTicksAndRejections (node:internal/process/task_queues:105:5)
Error: Cannot find module 'qrcode'
Require stack:
- C:\Users\bezaw\Downloads\Prajwalan-main\Prajwalan-main\backend\src\routes\patient.js
- C:\Users\bezaw\Downloads\Prajwalan-main\Prajwalan-main\backend\src\server.js
    at Function._resolveFilename (node:internal/modules/cjs/loader:1365:15)
    at defaultResolveImpl (node:internal/modules/cjs/loader:1021:19)
    at resolveForCJSWithHooks (node:internal/modules/cjs/loader:1026:22)
    at Function._load (node:internal/modules/cjs/loader:1175:37)
    at TracingChannel.traceSync (node:diagnostics_channel:322:14)
    at wrapModuleLoad (node:internal/modules/cjs/loader:235:24)
    at Module.require (node:internal/modules/cjs/loader:1445:12)
    at require (node:internal/modules/helpers:135:16)
    at C:\Users\bezaw\Downloads\Prajwalan-main\Prajwalan-main\backend\src\routes\patient.js:138:24
    at process.processTicksAndRejections (node:internal/process/task_queues:105:5)
